{"C:\\xampp\\htdocs\\BackendPractice\\node\\appwrite-finance-backend-js\\src\\app.js": {"path":"C:\\xampp\\htdocs\\BackendPractice\\node\\appwrite-finance-backend-js\\src\\app.js","statementMap":{"0":{"start":{"line":2,"column":16},"end":{"line":2,"column":34}},"1":{"start":{"line":3,"column":13},"end":{"line":3,"column":28}},"2":{"start":{"line":4,"column":19},"end":{"line":4,"column":41}},"3":{"start":{"line":5,"column":22},"end":{"line":5,"column":50}},"4":{"start":{"line":6,"column":19},"end":{"line":6,"column":43}},"5":{"start":{"line":8,"column":12},"end":{"line":8,"column":21}},"6":{"start":{"line":11,"column":0},"end":{"line":11,"column":16}},"7":{"start":{"line":12,"column":0},"end":{"line":12,"column":43}},"8":{"start":{"line":15,"column":0},"end":{"line":18,"column":3}},"9":{"start":{"line":16,"column":2},"end":{"line":16,"column":73}},"10":{"start":{"line":17,"column":2},"end":{"line":17,"column":9}},"11":{"start":{"line":21,"column":0},"end":{"line":21,"column":29}},"12":{"start":{"line":22,"column":0},"end":{"line":22,"column":36}},"13":{"start":{"line":25,"column":0},"end":{"line":31,"column":3}},"14":{"start":{"line":26,"column":2},"end":{"line":30,"column":5}},"15":{"start":{"line":34,"column":0},"end":{"line":47,"column":3}},"16":{"start":{"line":35,"column":2},"end":{"line":46,"column":5}},"17":{"start":{"line":50,"column":0},"end":{"line":55,"column":3}},"18":{"start":{"line":51,"column":2},"end":{"line":54,"column":5}},"19":{"start":{"line":58,"column":0},"end":{"line":64,"column":3}},"20":{"start":{"line":59,"column":2},"end":{"line":59,"column":41}},"21":{"start":{"line":60,"column":2},"end":{"line":63,"column":5}},"22":{"start":{"line":66,"column":0},"end":{"line":66,"column":21}}},"fnMap":{"0":{"name":"(anonymous_0)","decl":{"start":{"line":15,"column":8},"end":{"line":15,"column":9}},"loc":{"start":{"line":15,"column":28},"end":{"line":18,"column":1}},"line":15},"1":{"name":"(anonymous_1)","decl":{"start":{"line":25,"column":19},"end":{"line":25,"column":20}},"loc":{"start":{"line":25,"column":33},"end":{"line":31,"column":1}},"line":25},"2":{"name":"(anonymous_2)","decl":{"start":{"line":34,"column":13},"end":{"line":34,"column":14}},"loc":{"start":{"line":34,"column":27},"end":{"line":47,"column":1}},"line":34},"3":{"name":"(anonymous_3)","decl":{"start":{"line":50,"column":8},"end":{"line":50,"column":9}},"loc":{"start":{"line":50,"column":22},"end":{"line":55,"column":1}},"line":50},"4":{"name":"(anonymous_4)","decl":{"start":{"line":58,"column":8},"end":{"line":58,"column":9}},"loc":{"start":{"line":58,"column":33},"end":{"line":64,"column":1}},"line":58}},"branchMap":{"0":{"loc":{"start":{"line":60,"column":13},"end":{"line":60,"column":30}},"type":"binary-expr","locations":[{"start":{"line":60,"column":13},"end":{"line":60,"column":23}},{"start":{"line":60,"column":27},"end":{"line":60,"column":30}}],"line":60},"1":{"loc":{"start":{"line":61,"column":11},"end":{"line":61,"column":49}},"type":"binary-expr","locations":[{"start":{"line":61,"column":11},"end":{"line":61,"column":22}},{"start":{"line":61,"column":26},"end":{"line":61,"column":49}}],"line":61},"2":{"loc":{"start":{"line":62,"column":8},"end":{"line":62,"column":70}},"type":"binary-expr","locations":[{"start":{"line":62,"column":8},"end":{"line":62,"column":46}},{"start":{"line":62,"column":50},"end":{"line":62,"column":70}}],"line":62}},"s":{"0":1,"1":1,"2":1,"3":1,"4":1,"5":1,"6":1,"7":1,"8":1,"9":4,"10":4,"11":1,"12":1,"13":1,"14":0,"15":1,"16":0,"17":1,"18":0,"19":1,"20":0,"21":0,"22":1},"f":{"0":4,"1":0,"2":0,"3":0,"4":0},"b":{"0":[0,0],"1":[0,0],"2":[0,0]},"_coverageSchema":"1a1c01bbd47fc00a2c39e90264f33305004495a9","hash":"2339a0b9e0d64cfa195abb8f5934a6e19c7a89fb"}
,"C:\\xampp\\htdocs\\BackendPractice\\node\\appwrite-finance-backend-js\\src\\controllers\\authController.js": {"path":"C:\\xampp\\htdocs\\BackendPractice\\node\\appwrite-finance-backend-js\\src\\controllers\\authController.js","statementMap":{"0":{"start":{"line":1,"column":15},"end":{"line":1,"column":39}},"1":{"start":{"line":2,"column":18},"end":{"line":2,"column":55}},"2":{"start":{"line":8,"column":2},"end":{"line":50,"column":3}},"3":{"start":{"line":9,"column":38},"end":{"line":9,"column":46}},"4":{"start":{"line":11,"column":4},"end":{"line":11,"column":51}},"5":{"start":{"line":14,"column":17},"end":{"line":20,"column":5}},"6":{"start":{"line":22,"column":4},"end":{"line":22,"column":61}},"7":{"start":{"line":24,"column":4},"end":{"line":32,"column":7}},"8":{"start":{"line":34,"column":4},"end":{"line":34,"column":58}},"9":{"start":{"line":37,"column":4},"end":{"line":43,"column":5}},"10":{"start":{"line":38,"column":6},"end":{"line":42,"column":9}},"11":{"start":{"line":45,"column":4},"end":{"line":49,"column":7}},"12":{"start":{"line":57,"column":2},"end":{"line":106,"column":3}},"13":{"start":{"line":58,"column":32},"end":{"line":58,"column":40}},"14":{"start":{"line":60,"column":4},"end":{"line":60,"column":49}},"15":{"start":{"line":63,"column":32},"end":{"line":63,"column":56}},"16":{"start":{"line":64,"column":23},"end":{"line":66,"column":47}},"17":{"start":{"line":68,"column":24},"end":{"line":68,"column":47}},"18":{"start":{"line":71,"column":20},"end":{"line":71,"column":81}},"19":{"start":{"line":73,"column":4},"end":{"line":73,"column":51}},"20":{"start":{"line":76,"column":16},"end":{"line":76,"column":45}},"21":{"start":{"line":78,"column":4},"end":{"line":78,"column":41}},"22":{"start":{"line":80,"column":4},"end":{"line":88,"column":7}},"23":{"start":{"line":90,"column":4},"end":{"line":90,"column":51}},"24":{"start":{"line":93,"column":4},"end":{"line":99,"column":5}},"25":{"start":{"line":94,"column":6},"end":{"line":98,"column":9}},"26":{"start":{"line":101,"column":4},"end":{"line":105,"column":7}},"27":{"start":{"line":113,"column":2},"end":{"line":137,"column":3}},"28":{"start":{"line":115,"column":19},"end":{"line":115,"column":31}},"29":{"start":{"line":117,"column":4},"end":{"line":117,"column":53}},"30":{"start":{"line":119,"column":4},"end":{"line":128,"column":7}},"31":{"start":{"line":130,"column":4},"end":{"line":130,"column":54}},"32":{"start":{"line":132,"column":4},"end":{"line":136,"column":7}},"33":{"start":{"line":144,"column":2},"end":{"line":173,"column":3}},"34":{"start":{"line":145,"column":4},"end":{"line":145,"column":49}},"35":{"start":{"line":148,"column":32},"end":{"line":148,"column":56}},"36":{"start":{"line":149,"column":23},"end":{"line":152,"column":63}},"37":{"start":{"line":154,"column":24},"end":{"line":154,"column":47}},"38":{"start":{"line":157,"column":4},"end":{"line":157,"column":47}},"39":{"start":{"line":159,"column":4},"end":{"line":159,"column":50}},"40":{"start":{"line":161,"column":4},"end":{"line":164,"column":7}},"41":{"start":{"line":166,"column":4},"end":{"line":166,"column":52}},"42":{"start":{"line":168,"column":4},"end":{"line":172,"column":7}},"43":{"start":{"line":176,"column":0},"end":{"line":181,"column":2}}},"fnMap":{"0":{"name":"registerHandler","decl":{"start":{"line":7,"column":15},"end":{"line":7,"column":30}},"loc":{"start":{"line":7,"column":41},"end":{"line":51,"column":1}},"line":7},"1":{"name":"loginHandler","decl":{"start":{"line":56,"column":15},"end":{"line":56,"column":27}},"loc":{"start":{"line":56,"column":38},"end":{"line":107,"column":1}},"line":56},"2":{"name":"getCurrentUserHandler","decl":{"start":{"line":112,"column":15},"end":{"line":112,"column":36}},"loc":{"start":{"line":112,"column":47},"end":{"line":138,"column":1}},"line":112},"3":{"name":"logoutHandler","decl":{"start":{"line":143,"column":15},"end":{"line":143,"column":28}},"loc":{"start":{"line":143,"column":39},"end":{"line":174,"column":1}},"line":143}},"branchMap":{"0":{"loc":{"start":{"line":37,"column":4},"end":{"line":43,"column":5}},"type":"if","locations":[{"start":{"line":37,"column":4},"end":{"line":43,"column":5}},{"start":{},"end":{}}],"line":37},"1":{"loc":{"start":{"line":93,"column":4},"end":{"line":99,"column":5}},"type":"if","locations":[{"start":{"line":93,"column":4},"end":{"line":99,"column":5}},{"start":{},"end":{}}],"line":93}},"s":{"0":1,"1":1,"2":0,"3":0,"4":0,"5":0,"6":0,"7":0,"8":0,"9":0,"10":0,"11":0,"12":0,"13":0,"14":0,"15":0,"16":0,"17":0,"18":0,"19":0,"20":0,"21":0,"22":0,"23":0,"24":0,"25":0,"26":0,"27":0,"28":0,"29":0,"30":0,"31":0,"32":0,"33":0,"34":0,"35":0,"36":0,"37":0,"38":0,"39":0,"40":0,"41":0,"42":0,"43":1},"f":{"0":0,"1":0,"2":0,"3":0},"b":{"0":[0,0],"1":[0,0]},"_coverageSchema":"1a1c01bbd47fc00a2c39e90264f33305004495a9","hash":"d92e002202753e4511a97defeae4af904382c62f"}
,"C:\\xampp\\htdocs\\BackendPractice\\node\\appwrite-finance-backend-js\\src\\controllers\\invoiceController.js": {"path":"C:\\xampp\\htdocs\\BackendPractice\\node\\appwrite-finance-backend-js\\src\\controllers\\invoiceController.js","statementMap":{"0":{"start":{"line":2,"column":23},"end":{"line":2,"column":60}},"1":{"start":{"line":3,"column":22},"end":{"line":3,"column":59}},"2":{"start":{"line":11,"column":2},"end":{"line":31,"column":3}},"3":{"start":{"line":12,"column":17},"end":{"line":12,"column":25}},"4":{"start":{"line":13,"column":20},"end":{"line":13,"column":45}},"5":{"start":{"line":15,"column":4},"end":{"line":15,"column":57}},"6":{"start":{"line":16,"column":16},"end":{"line":16,"column":69}},"7":{"start":{"line":18,"column":4},"end":{"line":18,"column":60}},"8":{"start":{"line":19,"column":4},"end":{"line":23,"column":7}},"9":{"start":{"line":25,"column":4},"end":{"line":25,"column":50}},"10":{"start":{"line":26,"column":4},"end":{"line":30,"column":7}},"11":{"start":{"line":40,"column":2},"end":{"line":59,"column":3}},"12":{"start":{"line":41,"column":17},"end":{"line":41,"column":25}},"13":{"start":{"line":42,"column":19},"end":{"line":42,"column":110}},"14":{"start":{"line":44,"column":4},"end":{"line":44,"column":85}},"15":{"start":{"line":45,"column":17},"end":{"line":45,"column":68}},"16":{"start":{"line":47,"column":4},"end":{"line":51,"column":7}},"17":{"start":{"line":53,"column":4},"end":{"line":53,"column":50}},"18":{"start":{"line":54,"column":4},"end":{"line":58,"column":7}},"19":{"start":{"line":68,"column":2},"end":{"line":120,"column":3}},"20":{"start":{"line":69,"column":17},"end":{"line":69,"column":25}},"21":{"start":{"line":70,"column":22},"end":{"line":70,"column":35}},"22":{"start":{"line":72,"column":4},"end":{"line":72,"column":77}},"23":{"start":{"line":73,"column":20},"end":{"line":73,"column":77}},"24":{"start":{"line":76,"column":23},"end":{"line":76,"column":66}},"25":{"start":{"line":77,"column":4},"end":{"line":105,"column":5}},"26":{"start":{"line":78,"column":6},"end":{"line":102,"column":7}},"27":{"start":{"line":79,"column":8},"end":{"line":79,"column":78}},"28":{"start":{"line":80,"column":8},"end":{"line":97,"column":10}},"29":{"start":{"line":98,"column":8},"end":{"line":98,"column":60}},"30":{"start":{"line":100,"column":8},"end":{"line":100,"column":74}},"31":{"start":{"line":104,"column":6},"end":{"line":104,"column":98}},"32":{"start":{"line":107,"column":4},"end":{"line":111,"column":7}},"33":{"start":{"line":113,"column":4},"end":{"line":113,"column":57}},"34":{"start":{"line":114,"column":23},"end":{"line":114,"column":108}},"35":{"start":{"line":115,"column":4},"end":{"line":119,"column":7}},"36":{"start":{"line":129,"column":2},"end":{"line":152,"column":3}},"37":{"start":{"line":130,"column":17},"end":{"line":130,"column":25}},"38":{"start":{"line":132,"column":4},"end":{"line":132,"column":59}},"39":{"start":{"line":133,"column":20},"end":{"line":133,"column":61}},"40":{"start":{"line":135,"column":4},"end":{"line":144,"column":7}},"41":{"start":{"line":146,"column":4},"end":{"line":146,"column":52}},"42":{"start":{"line":147,"column":4},"end":{"line":151,"column":7}},"43":{"start":{"line":155,"column":0},"end":{"line":160,"column":2}}},"fnMap":{"0":{"name":"createInvoiceHandler","decl":{"start":{"line":10,"column":15},"end":{"line":10,"column":35}},"loc":{"start":{"line":10,"column":46},"end":{"line":32,"column":1}},"line":10},"1":{"name":"listInvoicesHandler","decl":{"start":{"line":39,"column":15},"end":{"line":39,"column":34}},"loc":{"start":{"line":39,"column":45},"end":{"line":60,"column":1}},"line":39},"2":{"name":"markPaidHandler","decl":{"start":{"line":67,"column":15},"end":{"line":67,"column":30}},"loc":{"start":{"line":67,"column":41},"end":{"line":121,"column":1}},"line":67},"3":{"name":"summaryHandler","decl":{"start":{"line":128,"column":15},"end":{"line":128,"column":29}},"loc":{"start":{"line":128,"column":40},"end":{"line":153,"column":1}},"line":128}},"branchMap":{"0":{"loc":{"start":{"line":13,"column":20},"end":{"line":13,"column":45}},"type":"binary-expr","locations":[{"start":{"line":13,"column":20},"end":{"line":13,"column":33}},{"start":{"line":13,"column":37},"end":{"line":13,"column":45}}],"line":13},"1":{"loc":{"start":{"line":29,"column":15},"end":{"line":29,"column":44}},"type":"binary-expr","locations":[{"start":{"line":29,"column":15},"end":{"line":29,"column":26}},{"start":{"line":29,"column":30},"end":{"line":29,"column":44}}],"line":29},"2":{"loc":{"start":{"line":42,"column":19},"end":{"line":42,"column":110}},"type":"cond-expr","locations":[{"start":{"line":42,"column":49},"end":{"line":42,"column":55}},{"start":{"line":42,"column":58},"end":{"line":42,"column":110}}],"line":42},"3":{"loc":{"start":{"line":42,"column":58},"end":{"line":42,"column":110}},"type":"cond-expr","locations":[{"start":{"line":42,"column":90},"end":{"line":42,"column":98}},{"start":{"line":42,"column":101},"end":{"line":42,"column":110}}],"line":42},"4":{"loc":{"start":{"line":44,"column":66},"end":{"line":44,"column":81}},"type":"binary-expr","locations":[{"start":{"line":44,"column":66},"end":{"line":44,"column":72}},{"start":{"line":44,"column":76},"end":{"line":44,"column":81}}],"line":44},"5":{"loc":{"start":{"line":57,"column":15},"end":{"line":57,"column":44}},"type":"binary-expr","locations":[{"start":{"line":57,"column":15},"end":{"line":57,"column":26}},{"start":{"line":57,"column":30},"end":{"line":57,"column":44}}],"line":57},"6":{"loc":{"start":{"line":77,"column":4},"end":{"line":105,"column":5}},"type":"if","locations":[{"start":{"line":77,"column":4},"end":{"line":105,"column":5}},{"start":{"line":103,"column":11},"end":{"line":105,"column":5}}],"line":77},"7":{"loc":{"start":{"line":114,"column":23},"end":{"line":114,"column":108}},"type":"cond-expr","locations":[{"start":{"line":114,"column":99},"end":{"line":114,"column":102}},{"start":{"line":114,"column":105},"end":{"line":114,"column":108}}],"line":114},"8":{"loc":{"start":{"line":114,"column":23},"end":{"line":114,"column":96}},"type":"binary-expr","locations":[{"start":{"line":114,"column":23},"end":{"line":114,"column":56}},{"start":{"line":114,"column":60},"end":{"line":114,"column":96}}],"line":114},"9":{"loc":{"start":{"line":118,"column":15},"end":{"line":118,"column":44}},"type":"binary-expr","locations":[{"start":{"line":118,"column":15},"end":{"line":118,"column":26}},{"start":{"line":118,"column":30},"end":{"line":118,"column":44}}],"line":118},"10":{"loc":{"start":{"line":141,"column":22},"end":{"line":141,"column":39}},"type":"binary-expr","locations":[{"start":{"line":141,"column":22},"end":{"line":141,"column":34}},{"start":{"line":141,"column":38},"end":{"line":141,"column":39}}],"line":141},"11":{"loc":{"start":{"line":142,"column":23},"end":{"line":142,"column":41}},"type":"binary-expr","locations":[{"start":{"line":142,"column":23},"end":{"line":142,"column":36}},{"start":{"line":142,"column":40},"end":{"line":142,"column":41}}],"line":142},"12":{"loc":{"start":{"line":150,"column":15},"end":{"line":150,"column":44}},"type":"binary-expr","locations":[{"start":{"line":150,"column":15},"end":{"line":150,"column":26}},{"start":{"line":150,"column":30},"end":{"line":150,"column":44}}],"line":150}},"s":{"0":1,"1":1,"2":1,"3":1,"4":1,"5":1,"6":1,"7":1,"8":1,"9":0,"10":0,"11":1,"12":1,"13":1,"14":1,"15":1,"16":1,"17":0,"18":0,"19":1,"20":1,"21":1,"22":1,"23":1,"24":1,"25":1,"26":1,"27":1,"28":1,"29":0,"30":1,"31":0,"32":1,"33":0,"34":0,"35":0,"36":1,"37":1,"38":1,"39":1,"40":1,"41":0,"42":0,"43":1},"f":{"0":1,"1":1,"2":1,"3":1},"b":{"0":[1,0],"1":[0,0],"2":[0,1],"3":[0,1],"4":[1,1],"5":[0,0],"6":[1,0],"7":[0,0],"8":[0,0],"9":[0,0],"10":[1,1],"11":[1,1],"12":[0,0]},"_coverageSchema":"1a1c01bbd47fc00a2c39e90264f33305004495a9","hash":"e041fc5003b772edae81d51b92932822411201b8"}
,"C:\\xampp\\htdocs\\BackendPractice\\node\\appwrite-finance-backend-js\\src\\middleware\\authMiddleware.js": {"path":"C:\\xampp\\htdocs\\BackendPractice\\node\\appwrite-finance-backend-js\\src\\middleware\\authMiddleware.js","statementMap":{"0":{"start":{"line":2,"column":28},"end":{"line":2,"column":65}},"1":{"start":{"line":5,"column":2},"end":{"line":21,"column":3}},"2":{"start":{"line":6,"column":17},"end":{"line":6,"column":42}},"3":{"start":{"line":7,"column":4},"end":{"line":7,"column":86}},"4":{"start":{"line":7,"column":15},"end":{"line":7,"column":86}},"5":{"start":{"line":9,"column":18},"end":{"line":9,"column":33}},"6":{"start":{"line":10,"column":4},"end":{"line":10,"column":124}},"7":{"start":{"line":10,"column":53},"end":{"line":10,"column":124}},"8":{"start":{"line":12,"column":18},"end":{"line":12,"column":26}},"9":{"start":{"line":13,"column":4},"end":{"line":13,"column":25}},"10":{"start":{"line":15,"column":17},"end":{"line":15,"column":36}},"11":{"start":{"line":16,"column":4},"end":{"line":16,"column":20}},"12":{"start":{"line":17,"column":4},"end":{"line":17,"column":11}},"13":{"start":{"line":19,"column":4},"end":{"line":19,"column":72}},"14":{"start":{"line":20,"column":4},"end":{"line":20,"column":71}},"15":{"start":{"line":24,"column":0},"end":{"line":24,"column":34}}},"fnMap":{"0":{"name":"authenticate","decl":{"start":{"line":4,"column":15},"end":{"line":4,"column":27}},"loc":{"start":{"line":4,"column":44},"end":{"line":22,"column":1}},"line":4}},"branchMap":{"0":{"loc":{"start":{"line":7,"column":4},"end":{"line":7,"column":86}},"type":"if","locations":[{"start":{"line":7,"column":4},"end":{"line":7,"column":86}},{"start":{},"end":{}}],"line":7},"1":{"loc":{"start":{"line":10,"column":4},"end":{"line":10,"column":124}},"type":"if","locations":[{"start":{"line":10,"column":4},"end":{"line":10,"column":124}},{"start":{},"end":{}}],"line":10},"2":{"loc":{"start":{"line":10,"column":8},"end":{"line":10,"column":51}},"type":"binary-expr","locations":[{"start":{"line":10,"column":8},"end":{"line":10,"column":26}},{"start":{"line":10,"column":30},"end":{"line":10,"column":51}}],"line":10},"3":{"loc":{"start":{"line":19,"column":32},"end":{"line":19,"column":70}},"type":"cond-expr","locations":[{"start":{"line":19,"column":53},"end":{"line":19,"column":64}},{"start":{"line":19,"column":67},"end":{"line":19,"column":70}}],"line":19},"4":{"loc":{"start":{"line":19,"column":32},"end":{"line":19,"column":50}},"type":"binary-expr","locations":[{"start":{"line":19,"column":32},"end":{"line":19,"column":35}},{"start":{"line":19,"column":39},"end":{"line":19,"column":50}}],"line":19}},"s":{"0":0,"1":0,"2":0,"3":0,"4":0,"5":0,"6":0,"7":0,"8":0,"9":0,"10":0,"11":0,"12":0,"13":0,"14":0,"15":0},"f":{"0":0},"b":{"0":[0,0],"1":[0,0],"2":[0,0],"3":[0,0],"4":[0,0]}}
,"C:\\xampp\\htdocs\\BackendPractice\\node\\appwrite-finance-backend-js\\src\\middleware\\authValidation.js": {"path":"C:\\xampp\\htdocs\\BackendPractice\\node\\appwrite-finance-backend-js\\src\\middleware\\authValidation.js","statementMap":{"0":{"start":{"line":1,"column":14},"end":{"line":1,"column":28}},"1":{"start":{"line":6,"column":23},"end":{"line":10,"column":2}},"2":{"start":{"line":15,"column":20},"end":{"line":18,"column":2}},"3":{"start":{"line":20,"column":0},"end":{"line":23,"column":2}}},"fnMap":{},"branchMap":{},"s":{"0":1,"1":1,"2":1,"3":1},"f":{},"b":{},"_coverageSchema":"1a1c01bbd47fc00a2c39e90264f33305004495a9","hash":"b7e892b5b81b971a95a49a5e327517648f78c91e"}
,"C:\\xampp\\htdocs\\BackendPractice\\node\\appwrite-finance-backend-js\\src\\middleware\\errorHandler.js": {"path":"C:\\xampp\\htdocs\\BackendPractice\\node\\appwrite-finance-backend-js\\src\\middleware\\errorHandler.js","statementMap":{"0":{"start":{"line":8,"column":4},"end":{"line":8,"column":19}},"1":{"start":{"line":9,"column":4},"end":{"line":9,"column":33}},"2":{"start":{"line":10,"column":4},"end":{"line":10,"column":39}},"3":{"start":{"line":11,"column":4},"end":{"line":11,"column":46}},"4":{"start":{"line":12,"column":4},"end":{"line":12,"column":52}},"5":{"start":{"line":21,"column":14},"end":{"line":21,"column":24}},"6":{"start":{"line":22,"column":2},"end":{"line":22,"column":30}},"7":{"start":{"line":23,"column":2},"end":{"line":23,"column":26}},"8":{"start":{"line":26,"column":2},"end":{"line":33,"column":5}},"9":{"start":{"line":36,"column":2},"end":{"line":39,"column":3}},"10":{"start":{"line":37,"column":20},"end":{"line":37,"column":51}},"11":{"start":{"line":38,"column":4},"end":{"line":38,"column":39}},"12":{"start":{"line":42,"column":2},"end":{"line":45,"column":3}},"13":{"start":{"line":43,"column":20},"end":{"line":43,"column":76}},"14":{"start":{"line":43,"column":55},"end":{"line":43,"column":64}},"15":{"start":{"line":44,"column":4},"end":{"line":44,"column":39}},"16":{"start":{"line":48,"column":2},"end":{"line":50,"column":3}},"17":{"start":{"line":49,"column":4},"end":{"line":49,"column":47}},"18":{"start":{"line":52,"column":2},"end":{"line":54,"column":3}},"19":{"start":{"line":53,"column":4},"end":{"line":53,"column":47}},"20":{"start":{"line":57,"column":2},"end":{"line":59,"column":3}},"21":{"start":{"line":58,"column":4},"end":{"line":58,"column":32}},"22":{"start":{"line":62,"column":2},"end":{"line":69,"column":5}},"23":{"start":{"line":76,"column":16},"end":{"line":76,"column":78}},"24":{"start":{"line":77,"column":2},"end":{"line":77,"column":14}},"25":{"start":{"line":84,"column":2},"end":{"line":86,"column":4}},"26":{"start":{"line":85,"column":4},"end":{"line":85,"column":52}},"27":{"start":{"line":89,"column":0},"end":{"line":94,"column":2}}},"fnMap":{"0":{"name":"(anonymous_0)","decl":{"start":{"line":7,"column":2},"end":{"line":7,"column":3}},"loc":{"start":{"line":7,"column":63},"end":{"line":13,"column":3}},"line":7},"1":{"name":"errorHandler","decl":{"start":{"line":20,"column":9},"end":{"line":20,"column":21}},"loc":{"start":{"line":20,"column":43},"end":{"line":70,"column":1}},"line":20},"2":{"name":"(anonymous_2)","decl":{"start":{"line":43,"column":50},"end":{"line":43,"column":51}},"loc":{"start":{"line":43,"column":55},"end":{"line":43,"column":64}},"line":43},"3":{"name":"notFoundHandler","decl":{"start":{"line":75,"column":9},"end":{"line":75,"column":24}},"loc":{"start":{"line":75,"column":41},"end":{"line":78,"column":1}},"line":75},"4":{"name":"asyncHandler","decl":{"start":{"line":83,"column":9},"end":{"line":83,"column":21}},"loc":{"start":{"line":83,"column":26},"end":{"line":87,"column":1}},"line":83},"5":{"name":"(anonymous_5)","decl":{"start":{"line":84,"column":9},"end":{"line":84,"column":10}},"loc":{"start":{"line":84,"column":29},"end":{"line":86,"column":3}},"line":84}},"branchMap":{"0":{"loc":{"start":{"line":7,"column":23},"end":{"line":7,"column":39}},"type":"default-arg","locations":[{"start":{"line":7,"column":36},"end":{"line":7,"column":39}}],"line":7},"1":{"loc":{"start":{"line":7,"column":41},"end":{"line":7,"column":61}},"type":"default-arg","locations":[{"start":{"line":7,"column":57},"end":{"line":7,"column":61}}],"line":7},"2":{"loc":{"start":{"line":28,"column":16},"end":{"line":28,"column":39}},"type":"binary-expr","locations":[{"start":{"line":28,"column":16},"end":{"line":28,"column":32}},{"start":{"line":28,"column":36},"end":{"line":28,"column":39}}],"line":28},"3":{"loc":{"start":{"line":32,"column":8},"end":{"line":32,"column":72}},"type":"binary-expr","locations":[{"start":{"line":32,"column":8},"end":{"line":32,"column":46}},{"start":{"line":32,"column":50},"end":{"line":32,"column":72}}],"line":32},"4":{"loc":{"start":{"line":36,"column":2},"end":{"line":39,"column":3}},"type":"if","locations":[{"start":{"line":36,"column":2},"end":{"line":39,"column":3}},{"start":{},"end":{}}],"line":36},"5":{"loc":{"start":{"line":42,"column":2},"end":{"line":45,"column":3}},"type":"if","locations":[{"start":{"line":42,"column":2},"end":{"line":45,"column":3}},{"start":{},"end":{}}],"line":42},"6":{"loc":{"start":{"line":48,"column":2},"end":{"line":50,"column":3}},"type":"if","locations":[{"start":{"line":48,"column":2},"end":{"line":50,"column":3}},{"start":{},"end":{}}],"line":48},"7":{"loc":{"start":{"line":52,"column":2},"end":{"line":54,"column":3}},"type":"if","locations":[{"start":{"line":52,"column":2},"end":{"line":54,"column":3}},{"start":{},"end":{}}],"line":52},"8":{"loc":{"start":{"line":57,"column":2},"end":{"line":59,"column":3}},"type":"if","locations":[{"start":{"line":57,"column":2},"end":{"line":59,"column":3}},{"start":{},"end":{}}],"line":57},"9":{"loc":{"start":{"line":57,"column":6},"end":{"line":57,"column":51}},"type":"binary-expr","locations":[{"start":{"line":57,"column":6},"end":{"line":57,"column":14}},{"start":{"line":57,"column":18},"end":{"line":57,"column":33}},{"start":{"line":57,"column":37},"end":{"line":57,"column":51}}],"line":57},"10":{"loc":{"start":{"line":62,"column":13},"end":{"line":62,"column":36}},"type":"binary-expr","locations":[{"start":{"line":62,"column":13},"end":{"line":62,"column":29}},{"start":{"line":62,"column":33},"end":{"line":62,"column":36}}],"line":62},"11":{"loc":{"start":{"line":64,"column":11},"end":{"line":64,"column":42}},"type":"binary-expr","locations":[{"start":{"line":64,"column":11},"end":{"line":64,"column":24}},{"start":{"line":64,"column":28},"end":{"line":64,"column":42}}],"line":64},"12":{"loc":{"start":{"line":65,"column":8},"end":{"line":68,"column":5}},"type":"binary-expr","locations":[{"start":{"line":65,"column":8},"end":{"line":65,"column":46}},{"start":{"line":65,"column":50},"end":{"line":68,"column":5}}],"line":65}},"s":{"0":0,"1":0,"2":0,"3":0,"4":0,"5":0,"6":0,"7":0,"8":0,"9":0,"10":0,"11":0,"12":0,"13":0,"14":0,"15":0,"16":0,"17":0,"18":0,"19":0,"20":0,"21":0,"22":0,"23":0,"24":0,"25":0,"26":0,"27":0},"f":{"0":0,"1":0,"2":0,"3":0,"4":0,"5":0},"b":{"0":[0],"1":[0],"2":[0,0],"3":[0,0],"4":[0,0],"5":[0,0],"6":[0,0],"7":[0,0],"8":[0,0],"9":[0,0,0],"10":[0,0],"11":[0,0],"12":[0,0]}}
,"C:\\xampp\\htdocs\\BackendPractice\\node\\appwrite-finance-backend-js\\src\\middleware\\validationMiddleware.js": {"path":"C:\\xampp\\htdocs\\BackendPractice\\node\\appwrite-finance-backend-js\\src\\middleware\\validationMiddleware.js","statementMap":{"0":{"start":{"line":2,"column":21},"end":{"line":2,"column":35}},"1":{"start":{"line":5,"column":2},"end":{"line":20,"column":4}},"2":{"start":{"line":6,"column":17},"end":{"line":10,"column":5}},"3":{"start":{"line":12,"column":19},"end":{"line":12,"column":41}},"4":{"start":{"line":13,"column":4},"end":{"line":16,"column":5}},"5":{"start":{"line":14,"column":21},"end":{"line":14,"column":99}},"6":{"start":{"line":14,"column":51},"end":{"line":14,"column":97}},"7":{"start":{"line":15,"column":6},"end":{"line":15,"column":83}},"8":{"start":{"line":18,"column":4},"end":{"line":18,"column":32}},"9":{"start":{"line":19,"column":4},"end":{"line":19,"column":11}},"10":{"start":{"line":23,"column":0},"end":{"line":23,"column":30}}},"fnMap":{"0":{"name":"validate","decl":{"start":{"line":4,"column":9},"end":{"line":4,"column":17}},"loc":{"start":{"line":4,"column":26},"end":{"line":21,"column":1}},"line":4},"1":{"name":"(anonymous_1)","decl":{"start":{"line":5,"column":9},"end":{"line":5,"column":10}},"loc":{"start":{"line":5,"column":29},"end":{"line":20,"column":3}},"line":5},"2":{"name":"(anonymous_2)","decl":{"start":{"line":14,"column":45},"end":{"line":14,"column":46}},"loc":{"start":{"line":14,"column":51},"end":{"line":14,"column":97}},"line":14}},"branchMap":{"0":{"loc":{"start":{"line":13,"column":4},"end":{"line":16,"column":5}},"type":"if","locations":[{"start":{"line":13,"column":4},"end":{"line":16,"column":5}},{"start":{},"end":{}}],"line":13}},"s":{"0":1,"1":3,"2":1,"3":1,"4":1,"5":0,"6":0,"7":0,"8":1,"9":1,"10":1},"f":{"0":3,"1":1,"2":0},"b":{"0":[0,1]},"_coverageSchema":"1a1c01bbd47fc00a2c39e90264f33305004495a9","hash":"c4db9456fc9c16553771b5904c02bede51a483a0"}
,"C:\\xampp\\htdocs\\BackendPractice\\node\\appwrite-finance-backend-js\\src\\routes\\auth.js": {"path":"C:\\xampp\\htdocs\\BackendPractice\\node\\appwrite-finance-backend-js\\src\\routes\\auth.js","statementMap":{"0":{"start":{"line":1,"column":16},"end":{"line":1,"column":34}},"1":{"start":{"line":2,"column":15},"end":{"line":2,"column":31}},"2":{"start":{"line":8,"column":4},"end":{"line":8,"column":44}},"3":{"start":{"line":9,"column":21},"end":{"line":9,"column":66}},"4":{"start":{"line":10,"column":40},"end":{"line":10,"column":79}},"5":{"start":{"line":11,"column":25},"end":{"line":11,"column":64}},"6":{"start":{"line":18,"column":0},"end":{"line":18,"column":68}},"7":{"start":{"line":25,"column":0},"end":{"line":25,"column":59}},"8":{"start":{"line":32,"column":0},"end":{"line":32,"column":55}},"9":{"start":{"line":39,"column":0},"end":{"line":39,"column":52}},"10":{"start":{"line":41,"column":0},"end":{"line":41,"column":24}}},"fnMap":{},"branchMap":{},"s":{"0":1,"1":1,"2":1,"3":1,"4":1,"5":1,"6":1,"7":1,"8":1,"9":1,"10":1},"f":{},"b":{},"_coverageSchema":"1a1c01bbd47fc00a2c39e90264f33305004495a9","hash":"4cfb043c6ecfb5f8c47564772908a9933abde42f"}
,"C:\\xampp\\htdocs\\BackendPractice\\node\\appwrite-finance-backend-js\\src\\routes\\invoices.js": {"path":"C:\\xampp\\htdocs\\BackendPractice\\node\\appwrite-finance-backend-js\\src\\routes\\invoices.js","statementMap":{"0":{"start":{"line":2,"column":16},"end":{"line":2,"column":34}},"1":{"start":{"line":3,"column":25},"end":{"line":3,"column":64}},"2":{"start":{"line":4,"column":21},"end":{"line":4,"column":66}},"3":{"start":{"line":5,"column":14},"end":{"line":5,"column":28}},"4":{"start":{"line":6,"column":87},"end":{"line":6,"column":130}},"5":{"start":{"line":8,"column":15},"end":{"line":8,"column":31}},"6":{"start":{"line":11,"column":28},"end":{"line":17,"column":2}},"7":{"start":{"line":20,"column":0},"end":{"line":20,"column":84}},"8":{"start":{"line":21,"column":0},"end":{"line":21,"column":51}},"9":{"start":{"line":22,"column":0},"end":{"line":22,"column":55}},"10":{"start":{"line":23,"column":0},"end":{"line":23,"column":53}},"11":{"start":{"line":25,"column":0},"end":{"line":25,"column":24}}},"fnMap":{},"branchMap":{},"s":{"0":1,"1":1,"2":1,"3":1,"4":1,"5":1,"6":1,"7":1,"8":1,"9":1,"10":1,"11":1},"f":{},"b":{},"_coverageSchema":"1a1c01bbd47fc00a2c39e90264f33305004495a9","hash":"ec8a5d0c818f98691ce19452457870ca17e559da"}
,"C:\\xampp\\htdocs\\BackendPractice\\node\\appwrite-finance-backend-js\\src\\services\\appwriteClient.js": {"path":"C:\\xampp\\htdocs\\BackendPractice\\node\\appwrite-finance-backend-js\\src\\services\\appwriteClient.js","statementMap":{"0":{"start":{"line":2,"column":12},"end":{"line":2,"column":36}},"1":{"start":{"line":3,"column":0},"end":{"line":3,"column":27}},"2":{"start":{"line":5,"column":15},"end":{"line":5,"column":31}},"3":{"start":{"line":6,"column":0},"end":{"line":9,"column":46}},"4":{"start":{"line":11,"column":18},"end":{"line":11,"column":43}},"5":{"start":{"line":12,"column":18},"end":{"line":12,"column":43}},"6":{"start":{"line":13,"column":16},"end":{"line":13,"column":39}},"7":{"start":{"line":14,"column":16},"end":{"line":14,"column":39}},"8":{"start":{"line":15,"column":14},"end":{"line":15,"column":35}},"9":{"start":{"line":17,"column":0},"end":{"line":17,"column":80}}},"fnMap":{},"branchMap":{"0":{"loc":{"start":{"line":7,"column":15},"end":{"line":7,"column":78}},"type":"binary-expr","locations":[{"start":{"line":7,"column":15},"end":{"line":7,"column":44}},{"start":{"line":7,"column":48},"end":{"line":7,"column":78}}],"line":7},"1":{"loc":{"start":{"line":8,"column":14},"end":{"line":8,"column":48}},"type":"binary-expr","locations":[{"start":{"line":8,"column":14},"end":{"line":8,"column":42}},{"start":{"line":8,"column":46},"end":{"line":8,"column":48}}],"line":8},"2":{"loc":{"start":{"line":9,"column":10},"end":{"line":9,"column":44}},"type":"binary-expr","locations":[{"start":{"line":9,"column":10},"end":{"line":9,"column":38}},{"start":{"line":9,"column":42},"end":{"line":9,"column":44}}],"line":9}},"s":{"0":1,"1":1,"2":1,"3":1,"4":1,"5":1,"6":1,"7":1,"8":1,"9":1},"f":{},"b":{"0":[1,0],"1":[1,0],"2":[1,0]},"_coverageSchema":"1a1c01bbd47fc00a2c39e90264f33305004495a9","hash":"ef76080c7778e34d9e9ab2000997036365e0336b"}
,"C:\\xampp\\htdocs\\BackendPractice\\node\\appwrite-finance-backend-js\\src\\services\\invoiceService.js": {"path":"C:\\xampp\\htdocs\\BackendPractice\\node\\appwrite-finance-backend-js\\src\\services\\invoiceService.js","statementMap":{"0":{"start":{"line":2,"column":27},"end":{"line":2,"column":54}},"1":{"start":{"line":3,"column":45},"end":{"line":3,"column":68}},"2":{"start":{"line":5,"column":14},"end":{"line":5,"column":52}},"3":{"start":{"line":6,"column":28},"end":{"line":6,"column":77}},"4":{"start":{"line":15,"column":2},"end":{"line":66,"column":3}},"5":{"start":{"line":16,"column":36},"end":{"line":16,"column":43}},"6":{"start":{"line":19,"column":4},"end":{"line":21,"column":5}},"7":{"start":{"line":20,"column":6},"end":{"line":20,"column":64}},"8":{"start":{"line":24,"column":21},"end":{"line":30,"column":9}},"9":{"start":{"line":25,"column":21},"end":{"line":25,"column":45}},"10":{"start":{"line":26,"column":6},"end":{"line":28,"column":7}},"11":{"start":{"line":27,"column":8},"end":{"line":27,"column":57}},"12":{"start":{"line":29,"column":6},"end":{"line":29,"column":26}},"13":{"start":{"line":33,"column":17},"end":{"line":33,"column":52}},"14":{"start":{"line":34,"column":27},"end":{"line":34,"column":53}},"15":{"start":{"line":36,"column":4},"end":{"line":36,"column":86}},"16":{"start":{"line":39,"column":16},"end":{"line":57,"column":5}},"17":{"start":{"line":59,"column":4},"end":{"line":62,"column":6}},"18":{"start":{"line":64,"column":4},"end":{"line":64,"column":50}},"19":{"start":{"line":65,"column":4},"end":{"line":65,"column":64}},"20":{"start":{"line":76,"column":2},"end":{"line":95,"column":3}},"21":{"start":{"line":77,"column":20},"end":{"line":77,"column":89}},"22":{"start":{"line":79,"column":4},"end":{"line":83,"column":5}},"23":{"start":{"line":80,"column":6},"end":{"line":80,"column":50}},"24":{"start":{"line":81,"column":11},"end":{"line":83,"column":5}},"25":{"start":{"line":82,"column":6},"end":{"line":82,"column":51}},"26":{"start":{"line":85,"column":16},"end":{"line":85,"column":82}},"27":{"start":{"line":88,"column":4},"end":{"line":91,"column":8}},"28":{"start":{"line":88,"column":37},"end":{"line":91,"column":5}},"29":{"start":{"line":93,"column":4},"end":{"line":93,"column":49}},"30":{"start":{"line":94,"column":4},"end":{"line":94,"column":63}},"31":{"start":{"line":105,"column":2},"end":{"line":152,"column":3}},"32":{"start":{"line":107,"column":20},"end":{"line":107,"column":86}},"33":{"start":{"line":110,"column":4},"end":{"line":112,"column":5}},"34":{"start":{"line":111,"column":6},"end":{"line":111,"column":51}},"35":{"start":{"line":115,"column":4},"end":{"line":121,"column":5}},"36":{"start":{"line":116,"column":6},"end":{"line":116,"column":68}},"37":{"start":{"line":117,"column":6},"end":{"line":120,"column":8}},"38":{"start":{"line":124,"column":21},"end":{"line":124,"column":50}},"39":{"start":{"line":125,"column":17},"end":{"line":125,"column":81}},"40":{"start":{"line":126,"column":27},"end":{"line":126,"column":53}},"41":{"start":{"line":128,"column":4},"end":{"line":128,"column":106}},"42":{"start":{"line":131,"column":20},"end":{"line":143,"column":5}},"43":{"start":{"line":145,"column":4},"end":{"line":148,"column":6}},"44":{"start":{"line":150,"column":4},"end":{"line":150,"column":52}},"45":{"start":{"line":151,"column":4},"end":{"line":151,"column":70}},"46":{"start":{"line":161,"column":2},"end":{"line":195,"column":3}},"47":{"start":{"line":162,"column":24},"end":{"line":162,"column":50}},"48":{"start":{"line":164,"column":20},"end":{"line":170,"column":5}},"49":{"start":{"line":172,"column":4},"end":{"line":184,"column":7}},"50":{"start":{"line":173,"column":20},"end":{"line":173,"column":46}},"51":{"start":{"line":174,"column":18},"end":{"line":174,"column":42}},"52":{"start":{"line":176,"column":6},"end":{"line":176,"column":36}},"53":{"start":{"line":177,"column":6},"end":{"line":177,"column":30}},"54":{"start":{"line":179,"column":6},"end":{"line":183,"column":7}},"55":{"start":{"line":180,"column":8},"end":{"line":180,"column":26}},"56":{"start":{"line":182,"column":8},"end":{"line":182,"column":33}},"57":{"start":{"line":187,"column":4},"end":{"line":187,"column":72}},"58":{"start":{"line":188,"column":4},"end":{"line":188,"column":64}},"59":{"start":{"line":190,"column":4},"end":{"line":190,"column":56}},"60":{"start":{"line":191,"column":4},"end":{"line":191,"column":19}},"61":{"start":{"line":193,"column":4},"end":{"line":193,"column":47}},"62":{"start":{"line":194,"column":4},"end":{"line":194,"column":66}},"63":{"start":{"line":198,"column":0},"end":{"line":203,"column":2}}},"fnMap":{"0":{"name":"createInvoice","decl":{"start":{"line":14,"column":15},"end":{"line":14,"column":28}},"loc":{"start":{"line":14,"column":46},"end":{"line":67,"column":1}},"line":14},"1":{"name":"(anonymous_1)","decl":{"start":{"line":24,"column":34},"end":{"line":24,"column":35}},"loc":{"start":{"line":24,"column":49},"end":{"line":30,"column":5}},"line":24},"2":{"name":"listInvoices","decl":{"start":{"line":75,"column":15},"end":{"line":75,"column":27}},"loc":{"start":{"line":75,"column":44},"end":{"line":96,"column":1}},"line":75},"3":{"name":"(anonymous_3)","decl":{"start":{"line":88,"column":29},"end":{"line":88,"column":30}},"loc":{"start":{"line":88,"column":37},"end":{"line":91,"column":5}},"line":88},"4":{"name":"markInvoicePaid","decl":{"start":{"line":104,"column":15},"end":{"line":104,"column":30}},"loc":{"start":{"line":104,"column":50},"end":{"line":153,"column":1}},"line":104},"5":{"name":"getSummary","decl":{"start":{"line":160,"column":15},"end":{"line":160,"column":25}},"loc":{"start":{"line":160,"column":34},"end":{"line":196,"column":1}},"line":160},"6":{"name":"(anonymous_6)","decl":{"start":{"line":172,"column":24},"end":{"line":172,"column":25}},"loc":{"start":{"line":172,"column":35},"end":{"line":184,"column":5}},"line":172}},"branchMap":{"0":{"loc":{"start":{"line":5,"column":14},"end":{"line":5,"column":52}},"type":"binary-expr","locations":[{"start":{"line":5,"column":14},"end":{"line":5,"column":46}},{"start":{"line":5,"column":50},"end":{"line":5,"column":52}}],"line":5},"1":{"loc":{"start":{"line":6,"column":28},"end":{"line":6,"column":77}},"type":"binary-expr","locations":[{"start":{"line":6,"column":28},"end":{"line":6,"column":71}},{"start":{"line":6,"column":75},"end":{"line":6,"column":77}}],"line":6},"2":{"loc":{"start":{"line":16,"column":12},"end":{"line":16,"column":22}},"type":"default-arg","locations":[{"start":{"line":16,"column":20},"end":{"line":16,"column":22}}],"line":16},"3":{"loc":{"start":{"line":19,"column":4},"end":{"line":21,"column":5}},"type":"if","locations":[{"start":{"line":19,"column":4},"end":{"line":21,"column":5}},{"start":{},"end":{}}],"line":19},"4":{"loc":{"start":{"line":19,"column":8},"end":{"line":19,"column":36}},"type":"binary-expr","locations":[{"start":{"line":19,"column":8},"end":{"line":19,"column":14}},{"start":{"line":19,"column":18},"end":{"line":19,"column":36}}],"line":19},"5":{"loc":{"start":{"line":25,"column":28},"end":{"line":25,"column":44}},"type":"binary-expr","locations":[{"start":{"line":25,"column":28},"end":{"line":25,"column":39}},{"start":{"line":25,"column":43},"end":{"line":25,"column":44}}],"line":25},"6":{"loc":{"start":{"line":26,"column":6},"end":{"line":28,"column":7}},"type":"if","locations":[{"start":{"line":26,"column":6},"end":{"line":28,"column":7}},{"start":{},"end":{}}],"line":26},"7":{"loc":{"start":{"line":46,"column":17},"end":{"line":46,"column":32}},"type":"binary-expr","locations":[{"start":{"line":46,"column":17},"end":{"line":46,"column":24}},{"start":{"line":46,"column":28},"end":{"line":46,"column":32}}],"line":46},"8":{"loc":{"start":{"line":61,"column":13},"end":{"line":61,"column":78}},"type":"cond-expr","locations":[{"start":{"line":61,"column":45},"end":{"line":61,"column":66}},{"start":{"line":61,"column":69},"end":{"line":61,"column":78}}],"line":61},"9":{"loc":{"start":{"line":79,"column":4},"end":{"line":83,"column":5}},"type":"if","locations":[{"start":{"line":79,"column":4},"end":{"line":83,"column":5}},{"start":{"line":81,"column":11},"end":{"line":83,"column":5}}],"line":79},"10":{"loc":{"start":{"line":81,"column":11},"end":{"line":83,"column":5}},"type":"if","locations":[{"start":{"line":81,"column":11},"end":{"line":83,"column":5}},{"start":{},"end":{}}],"line":81},"11":{"loc":{"start":{"line":90,"column":13},"end":{"line":90,"column":78}},"type":"cond-expr","locations":[{"start":{"line":90,"column":45},"end":{"line":90,"column":66}},{"start":{"line":90,"column":69},"end":{"line":90,"column":78}}],"line":90},"12":{"loc":{"start":{"line":110,"column":4},"end":{"line":112,"column":5}},"type":"if","locations":[{"start":{"line":110,"column":4},"end":{"line":112,"column":5}},{"start":{},"end":{}}],"line":110},"13":{"loc":{"start":{"line":110,"column":8},"end":{"line":110,"column":45}},"type":"binary-expr","locations":[{"start":{"line":110,"column":8},"end":{"line":110,"column":16}},{"start":{"line":110,"column":20},"end":{"line":110,"column":45}}],"line":110},"14":{"loc":{"start":{"line":115,"column":4},"end":{"line":121,"column":5}},"type":"if","locations":[{"start":{"line":115,"column":4},"end":{"line":121,"column":5}},{"start":{},"end":{}}],"line":115},"15":{"loc":{"start":{"line":119,"column":15},"end":{"line":119,"column":92}},"type":"cond-expr","locations":[{"start":{"line":119,"column":51},"end":{"line":119,"column":76}},{"start":{"line":119,"column":79},"end":{"line":119,"column":92}}],"line":119},"16":{"loc":{"start":{"line":124,"column":28},"end":{"line":124,"column":49}},"type":"binary-expr","locations":[{"start":{"line":124,"column":28},"end":{"line":124,"column":44}},{"start":{"line":124,"column":48},"end":{"line":124,"column":49}}],"line":124},"17":{"loc":{"start":{"line":125,"column":24},"end":{"line":125,"column":80}},"type":"binary-expr","locations":[{"start":{"line":125,"column":24},"end":{"line":125,"column":39}},{"start":{"line":125,"column":43},"end":{"line":125,"column":71}},{"start":{"line":125,"column":75},"end":{"line":125,"column":80}}],"line":125},"18":{"loc":{"start":{"line":147,"column":13},"end":{"line":147,"column":90}},"type":"cond-expr","locations":[{"start":{"line":147,"column":49},"end":{"line":147,"column":74}},{"start":{"line":147,"column":77},"end":{"line":147,"column":90}}],"line":147},"19":{"loc":{"start":{"line":173,"column":27},"end":{"line":173,"column":45}},"type":"binary-expr","locations":[{"start":{"line":173,"column":27},"end":{"line":173,"column":40}},{"start":{"line":173,"column":44},"end":{"line":173,"column":45}}],"line":173},"20":{"loc":{"start":{"line":174,"column":25},"end":{"line":174,"column":41}},"type":"binary-expr","locations":[{"start":{"line":174,"column":25},"end":{"line":174,"column":36}},{"start":{"line":174,"column":40},"end":{"line":174,"column":41}}],"line":174},"21":{"loc":{"start":{"line":179,"column":6},"end":{"line":183,"column":7}},"type":"if","locations":[{"start":{"line":179,"column":6},"end":{"line":183,"column":7}},{"start":{"line":181,"column":13},"end":{"line":183,"column":7}}],"line":179}},"s":{"0":1,"1":1,"2":1,"3":1,"4":1,"5":1,"6":1,"7":0,"8":1,"9":1,"10":1,"11":0,"12":1,"13":1,"14":1,"15":1,"16":1,"17":1,"18":0,"19":0,"20":2,"21":2,"22":2,"23":0,"24":2,"25":0,"26":2,"27":2,"28":2,"29":0,"30":0,"31":1,"32":1,"33":1,"34":0,"35":1,"36":0,"37":0,"38":1,"39":1,"40":1,"41":1,"42":1,"43":1,"44":0,"45":0,"46":1,"47":1,"48":1,"49":1,"50":1,"51":1,"52":1,"53":1,"54":1,"55":0,"56":1,"57":1,"58":1,"59":1,"60":1,"61":0,"62":0,"63":1},"f":{"0":1,"1":1,"2":2,"3":2,"4":1,"5":1,"6":1},"b":{"0":[1,1],"1":[1,1],"2":[0],"3":[0,1],"4":[1,1],"5":[1,0],"6":[0,1],"7":[1,0],"8":[1,0],"9":[0,2],"10":[0,2],"11":[2,0],"12":[0,1],"13":[1,1],"14":[0,1],"15":[0,0],"16":[1,0],"17":[1,0,0],"18":[1,0],"19":[1,0],"20":[1,0],"21":[0,1]},"_coverageSchema":"1a1c01bbd47fc00a2c39e90264f33305004495a9","hash":"66cd10607e259fad3b4dc6bbc835ca4a8e4ef8a5"}
,"C:\\xampp\\htdocs\\BackendPractice\\node\\appwrite-finance-backend-js\\src\\utils\\vat.js": {"path":"C:\\xampp\\htdocs\\BackendPractice\\node\\appwrite-finance-backend-js\\src\\utils\\vat.js","statementMap":{"0":{"start":{"line":2,"column":27},"end":{"line":2,"column":64}},"1":{"start":{"line":4,"column":14},"end":{"line":4,"column":52}},"2":{"start":{"line":5,"column":26},"end":{"line":5,"column":70}},"3":{"start":{"line":13,"column":22},"end":{"line":13,"column":73}},"4":{"start":{"line":15,"column":2},"end":{"line":37,"column":3}},"5":{"start":{"line":16,"column":4},"end":{"line":19,"column":5}},"6":{"start":{"line":17,"column":6},"end":{"line":17,"column":79}},"7":{"start":{"line":18,"column":6},"end":{"line":18,"column":25}},"8":{"start":{"line":22,"column":16},"end":{"line":24,"column":6}},"9":{"start":{"line":26,"column":4},"end":{"line":30,"column":5}},"10":{"start":{"line":27,"column":19},"end":{"line":27,"column":52}},"11":{"start":{"line":28,"column":6},"end":{"line":28,"column":54}},"12":{"start":{"line":29,"column":6},"end":{"line":29,"column":18}},"13":{"start":{"line":32,"column":4},"end":{"line":32,"column":83}},"14":{"start":{"line":33,"column":4},"end":{"line":33,"column":23}},"15":{"start":{"line":35,"column":4},"end":{"line":35,"column":87}},"16":{"start":{"line":36,"column":4},"end":{"line":36,"column":23}},"17":{"start":{"line":47,"column":2},"end":{"line":49,"column":3}},"18":{"start":{"line":48,"column":4},"end":{"line":48,"column":56}},"19":{"start":{"line":51,"column":2},"end":{"line":53,"column":3}},"20":{"start":{"line":52,"column":4},"end":{"line":52,"column":65}},"21":{"start":{"line":55,"column":14},"end":{"line":55,"column":70}},"22":{"start":{"line":56,"column":16},"end":{"line":56,"column":71}},"23":{"start":{"line":58,"column":2},"end":{"line":58,"column":24}},"24":{"start":{"line":64,"column":25},"end":{"line":82,"column":1}},"25":{"start":{"line":84,"column":0},"end":{"line":88,"column":2}}},"fnMap":{"0":{"name":"getVatRateForCountry","decl":{"start":{"line":12,"column":15},"end":{"line":12,"column":35}},"loc":{"start":{"line":12,"column":45},"end":{"line":38,"column":1}},"line":12},"1":{"name":"computeVAT","decl":{"start":{"line":46,"column":9},"end":{"line":46,"column":19}},"loc":{"start":{"line":46,"column":34},"end":{"line":59,"column":1}},"line":46}},"branchMap":{"0":{"loc":{"start":{"line":4,"column":14},"end":{"line":4,"column":52}},"type":"binary-expr","locations":[{"start":{"line":4,"column":14},"end":{"line":4,"column":46}},{"start":{"line":4,"column":50},"end":{"line":4,"column":52}}],"line":4},"1":{"loc":{"start":{"line":5,"column":26},"end":{"line":5,"column":70}},"type":"binary-expr","locations":[{"start":{"line":5,"column":26},"end":{"line":5,"column":64}},{"start":{"line":5,"column":68},"end":{"line":5,"column":70}}],"line":5},"2":{"loc":{"start":{"line":13,"column":33},"end":{"line":13,"column":72}},"type":"binary-expr","locations":[{"start":{"line":13,"column":33},"end":{"line":13,"column":61}},{"start":{"line":13,"column":65},"end":{"line":13,"column":72}}],"line":13},"3":{"loc":{"start":{"line":16,"column":4},"end":{"line":19,"column":5}},"type":"if","locations":[{"start":{"line":16,"column":4},"end":{"line":19,"column":5}},{"start":{},"end":{}}],"line":16},"4":{"loc":{"start":{"line":26,"column":4},"end":{"line":30,"column":5}},"type":"if","locations":[{"start":{"line":26,"column":4},"end":{"line":30,"column":5}},{"start":{},"end":{}}],"line":26},"5":{"loc":{"start":{"line":26,"column":8},"end":{"line":26,"column":67}},"type":"binary-expr","locations":[{"start":{"line":26,"column":8},"end":{"line":26,"column":11}},{"start":{"line":26,"column":15},"end":{"line":26,"column":28}},{"start":{"line":26,"column":32},"end":{"line":26,"column":67}}],"line":26},"6":{"loc":{"start":{"line":47,"column":2},"end":{"line":49,"column":3}},"type":"if","locations":[{"start":{"line":47,"column":2},"end":{"line":49,"column":3}},{"start":{},"end":{}}],"line":47},"7":{"loc":{"start":{"line":47,"column":6},"end":{"line":47,"column":46}},"type":"binary-expr","locations":[{"start":{"line":47,"column":6},"end":{"line":47,"column":32}},{"start":{"line":47,"column":36},"end":{"line":47,"column":46}}],"line":47},"8":{"loc":{"start":{"line":51,"column":2},"end":{"line":53,"column":3}},"type":"if","locations":[{"start":{"line":51,"column":2},"end":{"line":53,"column":3}},{"start":{},"end":{}}],"line":51},"9":{"loc":{"start":{"line":51,"column":6},"end":{"line":51,"column":54}},"type":"binary-expr","locations":[{"start":{"line":51,"column":6},"end":{"line":51,"column":30}},{"start":{"line":51,"column":34},"end":{"line":51,"column":42}},{"start":{"line":51,"column":46},"end":{"line":51,"column":54}}],"line":51}},"s":{"0":1,"1":1,"2":1,"3":1,"4":1,"5":1,"6":0,"7":0,"8":1,"9":1,"10":0,"11":0,"12":0,"13":1,"14":1,"15":0,"16":0,"17":2,"18":0,"19":2,"20":0,"21":2,"22":2,"23":2,"24":1,"25":1},"f":{"0":1,"1":2},"b":{"0":[1,1],"1":[1,1],"2":[1,1],"3":[0,1],"4":[0,1],"5":[1,1,1],"6":[0,2],"7":[2,2],"8":[0,2],"9":[2,2,2]},"_coverageSchema":"1a1c01bbd47fc00a2c39e90264f33305004495a9","hash":"6a20fa29105e24504d45526253bbfd7e46efba01"}
}
