TN:
SF:src\app.js
FN:15,(anonymous_0)
FN:25,(anonymous_1)
FN:34,(anonymous_2)
FN:50,(anonymous_3)
FN:58,(anonymous_4)
FNF:5
FNH:1
FNDA:4,(anonymous_0)
FNDA:0,(anonymous_1)
FNDA:0,(anonymous_2)
FNDA:0,(anonymous_3)
FNDA:0,(anonymous_4)
DA:2,1
DA:3,1
DA:4,1
DA:5,1
DA:6,1
DA:8,1
DA:11,1
DA:12,1
DA:15,1
DA:16,4
DA:17,4
DA:21,1
DA:22,1
DA:25,1
DA:26,0
DA:34,1
DA:35,0
DA:50,1
DA:51,0
DA:58,1
DA:59,0
DA:60,0
DA:66,1
LF:23
LH:18
BRDA:60,0,0,0
BRDA:60,0,1,0
BRDA:61,1,0,0
BRDA:61,1,1,0
BRDA:62,2,0,0
BRDA:62,2,1,0
BRF:6
BRH:0
end_of_record
TN:
SF:src\controllers\authController.js
FN:7,registerHandler
FN:56,loginHandler
FN:112,getCurrentUserHandler
FN:143,logoutHandler
FNF:4
FNH:0
FNDA:0,registerHandler
FNDA:0,loginHandler
FNDA:0,getCurrentUserHandler
FNDA:0,logoutHandler
DA:1,1
DA:2,1
DA:8,0
DA:9,0
DA:11,0
DA:14,0
DA:22,0
DA:24,0
DA:34,0
DA:37,0
DA:38,0
DA:45,0
DA:57,0
DA:58,0
DA:60,0
DA:63,0
DA:64,0
DA:68,0
DA:71,0
DA:73,0
DA:76,0
DA:78,0
DA:80,0
DA:90,0
DA:93,0
DA:94,0
DA:101,0
DA:113,0
DA:115,0
DA:117,0
DA:119,0
DA:130,0
DA:132,0
DA:144,0
DA:145,0
DA:148,0
DA:149,0
DA:154,0
DA:157,0
DA:159,0
DA:161,0
DA:166,0
DA:168,0
DA:176,1
LF:44
LH:3
BRDA:37,0,0,0
BRDA:37,0,1,0
BRDA:93,1,0,0
BRDA:93,1,1,0
BRF:4
BRH:0
end_of_record
TN:
SF:src\controllers\invoiceController.js
FN:10,createInvoiceHandler
FN:39,listInvoicesHandler
FN:67,markPaidHandler
FN:128,summaryHandler
FNF:4
FNH:4
FNDA:1,createInvoiceHandler
FNDA:1,listInvoicesHandler
FNDA:1,markPaidHandler
FNDA:1,summaryHandler
DA:2,1
DA:3,1
DA:11,1
DA:12,1
DA:13,1
DA:15,1
DA:16,1
DA:18,1
DA:19,1
DA:25,0
DA:26,0
DA:40,1
DA:41,1
DA:42,1
DA:44,1
DA:45,1
DA:47,1
DA:53,0
DA:54,0
DA:68,1
DA:69,1
DA:70,1
DA:72,1
DA:73,1
DA:76,1
DA:77,1
DA:78,1
DA:79,1
DA:80,1
DA:98,0
DA:100,1
DA:104,0
DA:107,1
DA:113,0
DA:114,0
DA:115,0
DA:129,1
DA:130,1
DA:132,1
DA:133,1
DA:135,1
DA:146,0
DA:147,0
DA:155,1
LF:44
LH:33
BRDA:13,0,0,1
BRDA:13,0,1,0
BRDA:29,1,0,0
BRDA:29,1,1,0
BRDA:42,2,0,0
BRDA:42,2,1,1
BRDA:42,3,0,0
BRDA:42,3,1,1
BRDA:44,4,0,1
BRDA:44,4,1,1
BRDA:57,5,0,0
BRDA:57,5,1,0
BRDA:77,6,0,1
BRDA:77,6,1,0
BRDA:114,7,0,0
BRDA:114,7,1,0
BRDA:114,8,0,0
BRDA:114,8,1,0
BRDA:118,9,0,0
BRDA:118,9,1,0
BRDA:141,10,0,1
BRDA:141,10,1,1
BRDA:142,11,0,1
BRDA:142,11,1,1
BRDA:150,12,0,0
BRDA:150,12,1,0
BRF:26
BRH:10
end_of_record
TN:
SF:src\middleware\authMiddleware.js
FN:4,authenticate
FNF:1
FNH:0
FNDA:0,authenticate
DA:2,0
DA:5,0
DA:6,0
DA:7,0
DA:9,0
DA:10,0
DA:12,0
DA:13,0
DA:15,0
DA:16,0
DA:17,0
DA:19,0
DA:20,0
DA:24,0
LF:14
LH:0
BRDA:7,0,0,0
BRDA:7,0,1,0
BRDA:10,1,0,0
BRDA:10,1,1,0
BRDA:10,2,0,0
BRDA:10,2,1,0
BRDA:19,3,0,0
BRDA:19,3,1,0
BRDA:19,4,0,0
BRDA:19,4,1,0
BRF:10
BRH:0
end_of_record
TN:
SF:src\middleware\authValidation.js
FNF:0
FNH:0
DA:1,1
DA:6,1
DA:15,1
DA:20,1
LF:4
LH:4
BRF:0
BRH:0
end_of_record
TN:
SF:src\middleware\errorHandler.js
FN:7,(anonymous_0)
FN:20,errorHandler
FN:43,(anonymous_2)
FN:75,notFoundHandler
FN:83,asyncHandler
FN:84,(anonymous_5)
FNF:6
FNH:0
FNDA:0,(anonymous_0)
FNDA:0,errorHandler
FNDA:0,(anonymous_2)
FNDA:0,notFoundHandler
FNDA:0,asyncHandler
FNDA:0,(anonymous_5)
DA:8,0
DA:9,0
DA:10,0
DA:11,0
DA:12,0
DA:21,0
DA:22,0
DA:23,0
DA:26,0
DA:36,0
DA:37,0
DA:38,0
DA:42,0
DA:43,0
DA:44,0
DA:48,0
DA:49,0
DA:52,0
DA:53,0
DA:57,0
DA:58,0
DA:62,0
DA:76,0
DA:77,0
DA:84,0
DA:85,0
DA:89,0
LF:27
LH:0
BRDA:7,0,0,0
BRDA:7,1,0,0
BRDA:28,2,0,0
BRDA:28,2,1,0
BRDA:32,3,0,0
BRDA:32,3,1,0
BRDA:36,4,0,0
BRDA:36,4,1,0
BRDA:42,5,0,0
BRDA:42,5,1,0
BRDA:48,6,0,0
BRDA:48,6,1,0
BRDA:52,7,0,0
BRDA:52,7,1,0
BRDA:57,8,0,0
BRDA:57,8,1,0
BRDA:57,9,0,0
BRDA:57,9,1,0
BRDA:57,9,2,0
BRDA:62,10,0,0
BRDA:62,10,1,0
BRDA:64,11,0,0
BRDA:64,11,1,0
BRDA:65,12,0,0
BRDA:65,12,1,0
BRF:25
BRH:0
end_of_record
TN:
SF:src\middleware\validationMiddleware.js
FN:4,validate
FN:5,(anonymous_1)
FN:14,(anonymous_2)
FNF:3
FNH:2
FNDA:3,validate
FNDA:1,(anonymous_1)
FNDA:0,(anonymous_2)
DA:2,1
DA:5,3
DA:6,1
DA:12,1
DA:13,1
DA:14,0
DA:15,0
DA:18,1
DA:19,1
DA:23,1
LF:10
LH:8
BRDA:13,0,0,0
BRDA:13,0,1,1
BRF:2
BRH:1
end_of_record
TN:
SF:src\routes\auth.js
FNF:0
FNH:0
DA:1,1
DA:2,1
DA:8,1
DA:9,1
DA:10,1
DA:11,1
DA:18,1
DA:25,1
DA:32,1
DA:39,1
DA:41,1
LF:11
LH:11
BRF:0
BRH:0
end_of_record
TN:
SF:src\routes\invoices.js
FNF:0
FNH:0
DA:2,1
DA:3,1
DA:4,1
DA:5,1
DA:6,1
DA:8,1
DA:11,1
DA:20,1
DA:21,1
DA:22,1
DA:23,1
DA:25,1
LF:12
LH:12
BRF:0
BRH:0
end_of_record
TN:
SF:src\services\appwriteClient.js
FNF:0
FNH:0
DA:2,1
DA:3,1
DA:5,1
DA:6,1
DA:11,1
DA:12,1
DA:13,1
DA:14,1
DA:15,1
DA:17,1
LF:10
LH:10
BRDA:7,0,0,1
BRDA:7,0,1,0
BRDA:8,1,0,1
BRDA:8,1,1,0
BRDA:9,2,0,1
BRDA:9,2,1,0
BRF:6
BRH:3
end_of_record
TN:
SF:src\services\invoiceService.js
FN:14,createInvoice
FN:24,(anonymous_1)
FN:75,listInvoices
FN:88,(anonymous_3)
FN:104,markInvoicePaid
FN:160,getSummary
FN:172,(anonymous_6)
FNF:7
FNH:7
FNDA:1,createInvoice
FNDA:1,(anonymous_1)
FNDA:2,listInvoices
FNDA:2,(anonymous_3)
FNDA:1,markInvoicePaid
FNDA:1,getSummary
FNDA:1,(anonymous_6)
DA:2,1
DA:3,1
DA:5,1
DA:6,1
DA:15,1
DA:16,1
DA:19,1
DA:20,0
DA:24,1
DA:25,1
DA:26,1
DA:27,0
DA:29,1
DA:33,1
DA:34,1
DA:36,1
DA:39,1
DA:59,1
DA:64,0
DA:65,0
DA:76,2
DA:77,2
DA:79,2
DA:80,0
DA:81,2
DA:82,0
DA:85,2
DA:88,2
DA:93,0
DA:94,0
DA:105,1
DA:107,1
DA:110,1
DA:111,0
DA:115,1
DA:116,0
DA:117,0
DA:124,1
DA:125,1
DA:126,1
DA:128,1
DA:131,1
DA:145,1
DA:150,0
DA:151,0
DA:161,1
DA:162,1
DA:164,1
DA:172,1
DA:173,1
DA:174,1
DA:176,1
DA:177,1
DA:179,1
DA:180,0
DA:182,1
DA:187,1
DA:188,1
DA:190,1
DA:191,1
DA:193,0
DA:194,0
DA:198,1
LF:63
LH:47
BRDA:5,0,0,1
BRDA:5,0,1,1
BRDA:6,1,0,1
BRDA:6,1,1,1
BRDA:16,2,0,0
BRDA:19,3,0,0
BRDA:19,3,1,1
BRDA:19,4,0,1
BRDA:19,4,1,1
BRDA:25,5,0,1
BRDA:25,5,1,0
BRDA:26,6,0,0
BRDA:26,6,1,1
BRDA:46,7,0,1
BRDA:46,7,1,0
BRDA:61,8,0,1
BRDA:61,8,1,0
BRDA:79,9,0,0
BRDA:79,9,1,2
BRDA:81,10,0,0
BRDA:81,10,1,2
BRDA:90,11,0,2
BRDA:90,11,1,0
BRDA:110,12,0,0
BRDA:110,12,1,1
BRDA:110,13,0,1
BRDA:110,13,1,1
BRDA:115,14,0,0
BRDA:115,14,1,1
BRDA:119,15,0,0
BRDA:119,15,1,0
BRDA:124,16,0,1
BRDA:124,16,1,0
BRDA:125,17,0,1
BRDA:125,17,1,0
BRDA:125,17,2,0
BRDA:147,18,0,1
BRDA:147,18,1,0
BRDA:173,19,0,1
BRDA:173,19,1,0
BRDA:174,20,0,1
BRDA:174,20,1,0
BRDA:179,21,0,0
BRDA:179,21,1,1
BRF:44
BRH:24
end_of_record
TN:
SF:src\utils\vat.js
FN:12,getVatRateForCountry
FN:46,computeVAT
FNF:2
FNH:2
FNDA:1,getVatRateForCountry
FNDA:2,computeVAT
DA:2,1
DA:4,1
DA:5,1
DA:13,1
DA:15,1
DA:16,1
DA:17,0
DA:18,0
DA:22,1
DA:26,1
DA:27,0
DA:28,0
DA:29,0
DA:32,1
DA:33,1
DA:35,0
DA:36,0
DA:47,2
DA:48,0
DA:51,2
DA:52,0
DA:55,2
DA:56,2
DA:58,2
DA:64,1
DA:84,1
LF:26
LH:17
BRDA:4,0,0,1
BRDA:4,0,1,1
BRDA:5,1,0,1
BRDA:5,1,1,1
BRDA:13,2,0,1
BRDA:13,2,1,1
BRDA:16,3,0,0
BRDA:16,3,1,1
BRDA:26,4,0,0
BRDA:26,4,1,1
BRDA:26,5,0,1
BRDA:26,5,1,1
BRDA:26,5,2,1
BRDA:47,6,0,0
BRDA:47,6,1,2
BRDA:47,7,0,2
BRDA:47,7,1,2
BRDA:51,8,0,0
BRDA:51,8,1,2
BRDA:51,9,0,2
BRDA:51,9,1,2
BRDA:51,9,2,2
BRF:22
BRH:18
end_of_record
